<?xml version="1.0" encoding="UTF-8" ?>
<testsuite tests="18" failures="0" name="NormalPolishNotationTest" time="27.581" errors="0" skipped="0">
  <properties>
[...]
</properties>
  <testcase classname="NormalPolishNotationTest" name="testNegativeResultsAreSupported" time="23.841"/>
  <testcase classname="NormalPolishNotationTest" name="testComplexEquationsAreSupported" time="0.223"/>
  <testcase classname="NormalPolishNotationTest" name="testSimpleMultiplication" time="0.215"/>
  <testcase classname="NormalPolishNotationTest" name="testMinusMultipleNegativeInputs" time="0.223"/>
  <testcase classname="NormalPolishNotationTest" name="testNegativeComplexResultsAreSupported" time="0.198"/>
  <testcase classname="NormalPolishNotationTest" name="testSimpleAddition" time="0.216"/>
  <testcase classname="NormalPolishNotationTest" name="testNegativeSecondNumberIsSupported" time="0.219"/>
  <testcase classname="NormalPolishNotationTest" name="testNegativeFirstNumberIsSupported" time="0.218"/>
  <testcase classname="NormalPolishNotationTest" name="testThirdArgumentIsIgnored" time="0.199"/>
  <testcase classname="NormalPolishNotationTest" name="testSimpleDivide" time="0.203"/>
  <testcase classname="NormalPolishNotationTest" name="testSimpleSubtraction" time="0.216"/>
  <testcase classname="NormalPolishNotationTest" name="testFractionInputsOnFirstNumber" time="0.231"/>
  <testcase classname="NormalPolishNotationTest" name="testEndpointIsAvailableWithNoInputs" time="0.339"/>
  <testcase classname="NormalPolishNotationTest" name="testMultipleNegativeInputAreSupported" time="0.215"/>
  <testcase classname="NormalPolishNotationTest" name="testInvalidInputString" time="0.199"/>
  <testcase classname="NormalPolishNotationTest" name="testValidZeroInput" time="0.225"/>
  <testcase classname="NormalPolishNotationTest" name="testFractionInputsOnSecondNumber" time="0.21"/>
  <testcase classname="NormalPolishNotationTest" name="testNoCalculation" time="0.191"/>
</testsuite>