<?xml version="1.0" encoding="UTF-8" ?>
<testsuite tests="24" failures="1" name="NormalPolishNotationTest" time="20.867" errors="0" skipped="0">
  <properties>
[...]
</properties>
  <testcase classname="NormalPolishNotationTest" name="testNegativeResultsAreSupported" time="17.34"/>
  <testcase classname="NormalPolishNotationTest" name="testComplexEquationsAreSupported" time="0.196"/>
  <testcase classname="NormalPolishNotationTest" name="testSimpleMultiplication" time="0.188"/>
  <testcase classname="NormalPolishNotationTest" name="testMinusMultipleNegativeInputs" time="0.191"/>
  <testcase classname="NormalPolishNotationTest" name="testInvalidUsername" time="0.194"/>
  <testcase classname="NormalPolishNotationTest" name="testNegativeComplexResultsAreSupported" time="0.194"/>
  <testcase classname="NormalPolishNotationTest" name="testSimpleAddition" time="0.185"/>
  <testcase classname="NormalPolishNotationTest" name="testNegativeSecondNumberIsSupported" time="0.189"/>
  <testcase classname="NormalPolishNotationTest" name="testNegativeFirstNumberIsSupported" time="0.183"/>
  <testcase classname="NormalPolishNotationTest" name="testThirdArgumentIsIgnored" time="0.181"/>
  <testcase classname="NormalPolishNotationTest" name="testSimpleDivide" time="0.171">
    <failure message="1 expectation failed.
Expected status code &lt;200&gt; doesn&apos;t match actual status code &lt;400&gt;.
" type="java.lang.AssertionError">java.lang.AssertionError: 1 expectation failed.
Expected status code &lt;200&gt; doesn&apos;t match actual status code &lt;400&gt;.

	at sun.reflect.NativeConstructorAccessorImpl.newInstance0(Native Method)
	at sun.reflect.NativeConstructorAccessorImpl.newInstance(NativeConstructorAccessorImpl.java:62)
	at sun.reflect.DelegatingConstructorAccessorImpl.newInstance(DelegatingConstructorAccessorImpl.java:45)
	at java.lang.reflect.Constructor.newInstance(Constructor.java:423)
	at org.codehaus.groovy.reflection.CachedConstructor.invoke(CachedConstructor.java:80)
	at org.codehaus.groovy.reflection.CachedConstructor.doConstructorInvoke(CachedConstructor.java:74)
	at org.codehaus.groovy.runtime.callsite.ConstructorSite$ConstructorSiteNoUnwrap.callConstructor(ConstructorSite.java:84)
	at org.codehaus.groovy.runtime.callsite.CallSiteArray.defaultCallConstructor(CallSiteArray.java:60)
	at org.codehaus.groovy.runtime.callsite.AbstractCallSite.callConstructor(AbstractCallSite.java:235)
	at org.codehaus.groovy.runtime.callsite.AbstractCallSite.callConstructor(AbstractCallSite.java:247)
	at com.jayway.restassured.internal.ResponseSpecificationImpl$HamcrestAssertionClosure.validate(ResponseSpecificationImpl.groovy:598)
	at com.jayway.restassured.internal.ResponseSpecificationImpl$HamcrestAssertionClosure$validate$1.call(Unknown Source)
	at com.jayway.restassured.internal.ResponseSpecificationImpl.validateResponseIfRequired(ResponseSpecificationImpl.groovy:760)
	at sun.reflect.GeneratedMethodAccessor28.invoke(Unknown Source)
	at sun.reflect.DelegatingMethodAccessorImpl.invoke(DelegatingMethodAccessorImpl.java:43)
	at java.lang.reflect.Method.invoke(Method.java:498)
	at org.codehaus.groovy.runtime.callsite.PogoMetaMethodSite$PogoCachedMethodSiteNoUnwrapNoCoerce.invoke(PogoMetaMethodSite.java:210)
	at org.codehaus.groovy.runtime.callsite.PogoMetaMethodSite.callCurrent(PogoMetaMethodSite.java:59)
	at org.codehaus.groovy.runtime.callsite.AbstractCallSite.callCurrent(AbstractCallSite.java:166)
	at com.jayway.restassured.internal.ResponseSpecificationImpl.statusCode(ResponseSpecificationImpl.groovy:120)
	at com.jayway.restassured.specification.ResponseSpecification$statusCode$0.callCurrent(Unknown Source)
	at com.jayway.restassured.internal.ResponseSpecificationImpl.statusCode(ResponseSpecificationImpl.groovy:128)
	at com.jayway.restassured.internal.ValidatableResponseOptionsImpl.statusCode(ValidatableResponseOptionsImpl.java:117)
	at NormalPolishNotationTest.getResponse(NormalPolishNotationTest.java:230)
	at NormalPolishNotationTest.testSimpleDivide(NormalPolishNotationTest.java:89)
	at sun.reflect.NativeMethodAccessorImpl.invoke0(Native Method)
	at sun.reflect.NativeMethodAccessorImpl.invoke(NativeMethodAccessorImpl.java:62)
	at sun.reflect.DelegatingMethodAccessorImpl.invoke(DelegatingMethodAccessorImpl.java:43)
	at java.lang.reflect.Method.invoke(Method.java:498)
	at org.junit.runners.model.FrameworkMethod$1.runReflectiveCall(FrameworkMethod.java:50)
	at org.junit.internal.runners.model.ReflectiveCallable.run(ReflectiveCallable.java:12)
	at org.junit.runners.model.FrameworkMethod.invokeExplosively(FrameworkMethod.java:47)
	at org.junit.internal.runners.statements.InvokeMethod.evaluate(InvokeMethod.java:17)
	at org.junit.runners.ParentRunner.runLeaf(ParentRunner.java:325)
	at org.junit.runners.BlockJUnit4ClassRunner.runChild(BlockJUnit4ClassRunner.java:78)
	at org.junit.runners.BlockJUnit4ClassRunner.runChild(BlockJUnit4ClassRunner.java:57)
	at org.junit.runners.ParentRunner$3.run(ParentRunner.java:290)
	at org.junit.runners.ParentRunner$1.schedule(ParentRunner.java:71)
	at org.junit.runners.ParentRunner.runChildren(ParentRunner.java:288)
	at org.junit.runners.ParentRunner.access$000(ParentRunner.java:58)
	at org.junit.runners.ParentRunner$2.evaluate(ParentRunner.java:268)
	at org.junit.runners.ParentRunner.run(ParentRunner.java:363)
	at org.apache.maven.surefire.junit4.JUnit4Provider.execute(JUnit4Provider.java:252)
	at org.apache.maven.surefire.junit4.JUnit4Provider.executeTestSet(JUnit4Provider.java:141)
	at org.apache.maven.surefire.junit4.JUnit4Provider.invoke(JUnit4Provider.java:112)
	at sun.reflect.NativeMethodAccessorImpl.invoke0(Native Method)
	at sun.reflect.NativeMethodAccessorImpl.invoke(NativeMethodAccessorImpl.java:62)
	at sun.reflect.DelegatingMethodAccessorImpl.invoke(DelegatingMethodAccessorImpl.java:43)
	at java.lang.reflect.Method.invoke(Method.java:498)
	at org.apache.maven.surefire.util.ReflectionUtils.invokeMethodWithArray(ReflectionUtils.java:189)
	at org.apache.maven.surefire.booter.ProviderFactory$ProviderProxy.invoke(ProviderFactory.java:165)
	at org.apache.maven.surefire.booter.ProviderFactory.invokeProvider(ProviderFactory.java:85)
	at org.apache.maven.surefire.booter.ForkedBooter.runSuitesInProcess(ForkedBooter.java:115)
	at org.apache.maven.surefire.booter.ForkedBooter.main(ForkedBooter.java:75)
</failure>
    <system-out>I could not get this test to work, I assume that I&apos;m using a invalid argument for divide
</system-out>
  </testcase>
  <testcase classname="NormalPolishNotationTest" name="testSimpleSubtraction" time="0.18"/>
  <testcase classname="NormalPolishNotationTest" name="testFractionInputsOnFirstNumber" time="0.184"/>
  <testcase classname="NormalPolishNotationTest" name="testInvalidPassword" time="0.164"/>
  <testcase classname="NormalPolishNotationTest" name="testEndpointIsAvailableWithNoInputs" time="0.215"/>
  <testcase classname="NormalPolishNotationTest" name="testLargeNumberInput" time="0"/>
  <testcase classname="NormalPolishNotationTest" name="testLargeNumberOutput" time="0"/>
  <testcase classname="NormalPolishNotationTest" name="testLargeNumberInternalEquation" time="0"/>
  <testcase classname="NormalPolishNotationTest" name="testMultipleNegativeInputAreSupported" time="0.211"/>
  <testcase classname="NormalPolishNotationTest" name="testLongEquations" time="0"/>
  <testcase classname="NormalPolishNotationTest" name="testInvalidInputString" time="0.168"/>
  <testcase classname="NormalPolishNotationTest" name="testValidZeroInput" time="0.178"/>
  <testcase classname="NormalPolishNotationTest" name="testFractionInputsOnSecondNumber" time="0.18"/>
  <testcase classname="NormalPolishNotationTest" name="testNoCalculation" time="0.175"/>
</testsuite>